0 info it worked if it ends with ok
1 verbose cli [ 'C:\\Program Files\\nodejs\\node.exe',
1 verbose cli   'C:\\Program Files\\nodejs\\node_modules\\npm\\bin\\npm-cli.js',
1 verbose cli   'install',
1 verbose cli   'nodemon',
1 verbose cli   '--save' ]
2 info using npm@3.10.10
3 info using node@v6.11.2
4 silly loadCurrentTree Starting
5 silly install loadCurrentTree
6 silly install readLocalPackageData
7 silly fetchPackageMetaData nodemon
8 silly fetchNamedPackageData nodemon
9 silly mapToRegistry name nodemon
10 silly mapToRegistry using default registry
11 silly mapToRegistry registry https://tp-nexus.sparkbit.pl/repository/npm-tp/
12 silly mapToRegistry data Result {
12 silly mapToRegistry   raw: 'nodemon',
12 silly mapToRegistry   scope: null,
12 silly mapToRegistry   escapedName: 'nodemon',
12 silly mapToRegistry   name: 'nodemon',
12 silly mapToRegistry   rawSpec: '',
12 silly mapToRegistry   spec: 'latest',
12 silly mapToRegistry   type: 'tag' }
13 silly mapToRegistry uri https://tp-nexus.sparkbit.pl/repository/npm-tp/nodemon
14 verbose request uri https://tp-nexus.sparkbit.pl/repository/npm-tp/nodemon
15 verbose request always-auth set; sending authorization
16 info attempt registry request try #1 at 4:43:32 PM
17 verbose request using bearer token for auth
18 verbose request id d29991a3dea83d16
19 http request GET https://tp-nexus.sparkbit.pl/repository/npm-tp/nodemon
20 http 401 https://tp-nexus.sparkbit.pl/repository/npm-tp/nodemon
21 verbose headers { date: 'Thu, 16 Nov 2017 11:13:33 GMT',
21 verbose headers   server: 'Nexus/3.0.0-03 (OSS)',
21 verbose headers   'x-frame-options': 'SAMEORIGIN',
21 verbose headers   'x-content-type-options': 'nosniff',
21 verbose headers   'www-authenticate': 'BASIC realm="Sonatype Nexus"',
21 verbose headers   'content-length': '0',
21 verbose headers   'set-cookie': [ 'NXREMEMBERME=deleteMe; Path=/; Max-Age=0; Expires=Wed, 15-Nov-2017 11:13:33 GMT' ],
21 verbose headers   'keep-alive': 'timeout=5, max=100',
21 verbose headers   connection: 'Keep-Alive' }
22 silly get cb [ 304, undefined ]
23 silly fetchPackageMetaData Error: failed to fetch from registry: https://tp-nexus.sparkbit.pl/repository/npm-tp/nodemon
23 silly fetchPackageMetaData     at C:\Program Files\nodejs\node_modules\npm\lib\cache\caching-client.js:164:27
23 silly fetchPackageMetaData     at C:\Program Files\nodejs\node_modules\npm\lib\cache\caching-client.js:53:8
23 silly fetchPackageMetaData     at f (C:\Program Files\nodejs\node_modules\npm\node_modules\once\once.js:25:25)
23 silly fetchPackageMetaData     at C:\Program Files\nodejs\node_modules\npm\node_modules\npm-registry-client\lib\request.js:89:10
23 silly fetchPackageMetaData     at C:\Program Files\nodejs\node_modules\npm\node_modules\npm-registry-client\lib\request.js:103:12
23 silly fetchPackageMetaData     at f (C:\Program Files\nodejs\node_modules\npm\node_modules\once\once.js:25:25)
23 silly fetchPackageMetaData     at CachingRegistryClient.<anonymous> (C:\Program Files\nodejs\node_modules\npm\node_modules\npm-registry-client\lib\request.js:252:14)
23 silly fetchPackageMetaData     at Request._callback (C:\Program Files\nodejs\node_modules\npm\node_modules\npm-registry-client\lib\request.js:210:14)
23 silly fetchPackageMetaData     at Request.self.callback (C:\Program Files\nodejs\node_modules\npm\node_modules\request\request.js:187:22)
23 silly fetchPackageMetaData     at emitTwo (events.js:106:13)
23 silly fetchPackageMetaData  error for nodemon Error: failed to fetch from registry: https://tp-nexus.sparkbit.pl/repository/npm-tp/nodemon
23 silly fetchPackageMetaData     at C:\Program Files\nodejs\node_modules\npm\lib\cache\caching-client.js:164:27
23 silly fetchPackageMetaData     at C:\Program Files\nodejs\node_modules\npm\lib\cache\caching-client.js:53:8
23 silly fetchPackageMetaData     at f (C:\Program Files\nodejs\node_modules\npm\node_modules\once\once.js:25:25)
23 silly fetchPackageMetaData     at C:\Program Files\nodejs\node_modules\npm\node_modules\npm-registry-client\lib\request.js:89:10
23 silly fetchPackageMetaData     at C:\Program Files\nodejs\node_modules\npm\node_modules\npm-registry-client\lib\request.js:103:12
23 silly fetchPackageMetaData     at f (C:\Program Files\nodejs\node_modules\npm\node_modules\once\once.js:25:25)
23 silly fetchPackageMetaData     at CachingRegistryClient.<anonymous> (C:\Program Files\nodejs\node_modules\npm\node_modules\npm-registry-client\lib\request.js:252:14)
23 silly fetchPackageMetaData     at Request._callback (C:\Program Files\nodejs\node_modules\npm\node_modules\npm-registry-client\lib\request.js:210:14)
23 silly fetchPackageMetaData     at Request.self.callback (C:\Program Files\nodejs\node_modules\npm\node_modules\request\request.js:187:22)
23 silly fetchPackageMetaData     at emitTwo (events.js:106:13)
24 silly rollbackFailedOptional Starting
25 silly rollbackFailedOptional Finishing
26 silly runTopLevelLifecycles Finishing
27 silly install printInstalled
28 verbose stack Error: failed to fetch from registry: https://tp-nexus.sparkbit.pl/repository/npm-tp/nodemon
28 verbose stack     at C:\Program Files\nodejs\node_modules\npm\lib\cache\caching-client.js:164:27
28 verbose stack     at C:\Program Files\nodejs\node_modules\npm\lib\cache\caching-client.js:53:8
28 verbose stack     at f (C:\Program Files\nodejs\node_modules\npm\node_modules\once\once.js:25:25)
28 verbose stack     at C:\Program Files\nodejs\node_modules\npm\node_modules\npm-registry-client\lib\request.js:89:10
28 verbose stack     at C:\Program Files\nodejs\node_modules\npm\node_modules\npm-registry-client\lib\request.js:103:12
28 verbose stack     at f (C:\Program Files\nodejs\node_modules\npm\node_modules\once\once.js:25:25)
28 verbose stack     at CachingRegistryClient.<anonymous> (C:\Program Files\nodejs\node_modules\npm\node_modules\npm-registry-client\lib\request.js:252:14)
28 verbose stack     at Request._callback (C:\Program Files\nodejs\node_modules\npm\node_modules\npm-registry-client\lib\request.js:210:14)
28 verbose stack     at Request.self.callback (C:\Program Files\nodejs\node_modules\npm\node_modules\request\request.js:187:22)
28 verbose stack     at emitTwo (events.js:106:13)
29 verbose cwd D:\Users\pmandhan\Videos\others\MEAN-430\nodehttp4pm
30 error Windows_NT 6.1.7601
31 error argv "C:\\Program Files\\nodejs\\node.exe" "C:\\Program Files\\nodejs\\node_modules\\npm\\bin\\npm-cli.js" "install" "nodemon" "--save"
32 error node v6.11.2
33 error npm  v3.10.10
34 error failed to fetch from registry: https://tp-nexus.sparkbit.pl/repository/npm-tp/nodemon
35 error If you need help, you may report this error at:
35 error     <https://github.com/npm/npm/issues>
36 verbose exit [ 1, true ]
